<?xml version="1.0" encoding="UTF-8"?>
<testsuite name="com.jihun.textviewer.domain.util.PaginationUtilTest" tests="4" skipped="0" failures="0" errors="0" timestamp="2026-02-24T11:35:36" hostname="Jihuns-MacBook-Pro.local" time="0.014">
  <properties/>
  <testcase name="paginate_returnsSingleEmptyPage_whenInputIsEmpty" classname="com.jihun.textviewer.domain.util.PaginationUtilTest" time="0.007"/>
  <testcase name="clampPage_boundsToAvailablePages" classname="com.jihun.textviewer.domain.util.PaginationUtilTest" time="0.001"/>
  <testcase name="paginate_fallsBackToWhitespaceSplit_whenNoLineBreak" classname="com.jihun.textviewer.domain.util.PaginationUtilTest" time="0.005"/>
  <testcase name="paginate_prefersLineBreakBeforeLimit" classname="com.jihun.textviewer.domain.util.PaginationUtilTest" time="0.0"/>
  <system-out><![CDATA[]]></system-out>
  <system-err><![CDATA[]]></system-err>
</testsuite>
